# Incident History Log

## Format
- Timestamp | Incident Type | Fix Applied | Result | Notes

## History
(Add incidents here as they occur - check before applying fixes!)2026-05-11T21:50:59.677Z | sms-service | crash-loop | APPLIED | Service throws unhandled error on startup
2026-05-11T21:58:56.916Z | payment-service | crash-loop | APPLIED | Service throws unhandled error on startup
2026-05-11T22:09:44.579Z | AUTO-HEALER | auto-healing | APPLIED | AUTO-HEALING TRIGGERED for payment-service
2026-05-11T22:09:44.598Z | AUTO-HEALER | auto-healing | APPLIED | Auto-heal SUCCESS for payment-service: 
2026-05-11T22:09:54.568Z | AUTO-HEALER | auto-healing | APPLIED | AUTO-HEALING TRIGGERED for payment-service
2026-05-11T22:09:54.587Z | AUTO-HEALER | auto-healing | APPLIED | Auto-heal SUCCESS for payment-service: 
2026-05-11T22:10:04.571Z | AUTO-HEALER | auto-healing | APPLIED | AUTO-HEALING TRIGGERED for payment-service
2026-05-11T22:10:04.583Z | AUTO-HEALER | auto-healing | APPLIED | Auto-heal SUCCESS for payment-service: 
2026-05-11T22:10:05.995Z | sms-service | crash-loop | APPLIED | Service throws unhandled error on startup
2026-05-11T22:10:44.605Z | AUTO-HEALER | auto-healing | APPLIED | AUTO-HEALING TRIGGERED for sms-service
2026-05-11T22:10:50.248Z | AUTO-HEALER | auto-healing | APPLIED | Auto-heal SUCCESS for sms-service: Removed crash-loop error throw
2026-05-11T22:10:54.607Z | AUTO-HEALER | auto-healing | APPLIED | AUTO-HEALING TRIGGERED for sms-service
2026-05-11T22:10:54.618Z | AUTO-HEALER | auto-healing | APPLIED | Auto-heal SUCCESS for sms-service: 
2026-05-11T22:11:04.642Z | AUTO-HEALER | auto-healing | APPLIED | AUTO-HEALING TRIGGERED for sms-service
2026-05-11T22:11:04.656Z | AUTO-HEALER | auto-healing | APPLIED | Auto-heal SUCCESS for sms-service: 
2026-05-11T22:11:17.690Z | AUTO-HEALER | auto-healing | APPLIED | AUTO-HEALING TRIGGERED for payment-service
2026-05-11T22:11:17.710Z | AUTO-HEALER | auto-healing | APPLIED | Auto-heal SUCCESS for payment-service: 
2026-05-11T22:11:47.737Z | AUTO-HEALER | auto-healing | APPLIED | AUTO-HEALING TRIGGERED for sms-service
2026-05-11T22:11:47.753Z | AUTO-HEALER | auto-healing | APPLIED | Auto-heal SUCCESS for sms-service: 
2026-05-11T22:13:27.934Z | sms-service | crash-loop | APPLIED | Service throws unhandled error on startup
2026-05-11T22:14:04.756Z | AUTO-HEALER | auto-healing | APPLIED | AUTO-HEALING TRIGGERED for sms-service
2026-05-11T22:14:10.153Z | AUTO-HEALER | auto-healing | APPLIED | Auto-heal SUCCESS for sms-service: Removed crash-loop error throw
2026-05-11T22:14:14.749Z | AUTO-HEALER | auto-healing | APPLIED | AUTO-HEALING TRIGGERED for sms-service
2026-05-11T22:14:14.762Z | AUTO-HEALER | auto-healing | APPLIED | Auto-heal SUCCESS for sms-service: 
2026-05-11T22:14:24.755Z | AUTO-HEALER | auto-healing | APPLIED | AUTO-HEALING TRIGGERED for sms-service
2026-05-11T22:14:24.765Z | AUTO-HEALER | auto-healing | APPLIED | Auto-heal SUCCESS for sms-service: 
2026-05-11T22:14:37.922Z | AUTO-HEALER | auto-healing | APPLIED | AUTO-HEALING TRIGGERED for sms-service
2026-05-11T22:14:37.937Z | AUTO-HEALER | auto-healing | APPLIED | Auto-heal SUCCESS for sms-service: 
2026-05-11T22:16:30.545Z | sms-service | crash-loop | APPLIED | Service throws unhandled error on startup
2026-05-11T22:17:04.897Z | AUTO-HEALER | auto-healing | APPLIED | AUTO-HEALING TRIGGERED for sms-service
2026-05-11T22:17:10.988Z | AUTO-HEALER | auto-healing | APPLIED | Auto-heal SUCCESS for sms-service: Removed crash-loop error throw
2026-05-11T22:17:14.879Z | AUTO-HEALER | auto-healing | APPLIED | AUTO-HEALING TRIGGERED for sms-service
2026-05-11T22:17:14.891Z | AUTO-HEALER | auto-healing | APPLIED | Auto-heal SUCCESS for sms-service: 
2026-05-11T22:17:24.891Z | AUTO-HEALER | auto-healing | APPLIED | AUTO-HEALING TRIGGERED for sms-service
2026-05-11T22:17:24.923Z | AUTO-HEALER | auto-healing | APPLIED | Auto-heal SUCCESS for sms-service: 
2026-05-11T22:17:34.898Z | AUTO-HEALER | auto-healing | APPLIED | AUTO-HEALING TRIGGERED for sms-service
2026-05-11T22:17:34.934Z | AUTO-HEALER | auto-healing | APPLIED | Auto-heal SUCCESS for sms-service: 
2026-05-11T22:29:28.278Z | payment-service | crash-loop | APPLIED | Service throws unhandled error on startup
2026-05-11T22:29:44.670Z | AUTO-HEALER | auto-healing | APPLIED | AUTO-HEALING TRIGGERED for payment-service
2026-05-11T22:30:05.486Z | AUTO-HEALER | auto-healing | APPLIED | AUTO-HEALING TRIGGERED for payment-service
2026-05-11T22:30:05.543Z | AUTO-HEALER | auto-healing | APPLIED | Auto-heal SUCCESS for payment-service: 
2026-05-11T22:30:15.498Z | AUTO-HEALER | auto-healing | APPLIED | AUTO-HEALING TRIGGERED for payment-service
2026-05-11T22:30:15.562Z | AUTO-HEALER | auto-healing | APPLIED | Auto-heal SUCCESS for payment-service: 
2026-05-11T22:30:17.067Z | AUTO-HEALER | auto-healing | APPLIED | Auto-heal SUCCESS for payment-service: Removed crash-loop error throw
2026-05-11T22:30:25.492Z | AUTO-HEALER | auto-healing | APPLIED | AUTO-HEALING TRIGGERED for payment-service
2026-05-11T22:30:25.515Z | AUTO-HEALER | auto-healing | APPLIED | Auto-heal SUCCESS for payment-service: 
2026-05-11T22:30:35.539Z | AUTO-HEALER | auto-healing | APPLIED | AUTO-HEALING TRIGGERED for payment-service
2026-05-11T22:30:35.556Z | AUTO-HEALER | auto-healing | APPLIED | Auto-heal SUCCESS for payment-service: 
2026-05-11T22:41:00.961Z | payment-service | crash-loop | APPLIED | Service throws unhandled error on startup
2026-05-11T22:41:35.987Z | AUTO-HEALER | auto-healing | APPLIED | AUTO-HEALING TRIGGERED for payment-service
2026-05-11T22:41:42.996Z | AUTO-HEALER | auto-healing | APPLIED | Auto-heal SUCCESS for payment-service: Removed crash-loop error throw
2026-05-11T22:41:46.054Z | AUTO-HEALER | auto-healing | APPLIED | AUTO-HEALING TRIGGERED for payment-service
2026-05-11T22:41:46.130Z | AUTO-HEALER | auto-healing | APPLIED | Auto-heal SUCCESS for payment-service: 
2026-05-11T22:41:56.030Z | AUTO-HEALER | auto-healing | APPLIED | AUTO-HEALING TRIGGERED for payment-service
2026-05-11T22:41:56.144Z | AUTO-HEALER | auto-healing | APPLIED | Auto-heal SUCCESS for payment-service: 
2026-05-11T22:42:10.075Z | AUTO-HEALER | auto-healing | APPLIED | AUTO-HEALING TRIGGERED for sms-service
2026-05-11T22:42:10.085Z | AUTO-HEALER | auto-healing | APPLIED | Auto-heal SUCCESS for sms-service: 
2026-05-11T22:42:40.117Z | AUTO-HEALER | auto-healing | APPLIED | AUTO-HEALING TRIGGERED for payment-service
2026-05-11T22:42:40.131Z | AUTO-HEALER | auto-healing | APPLIED | Auto-heal SUCCESS for payment-service: 
2026-05-11T22:43:56.191Z | payment-service | crash-loop | APPLIED | Service throws unhandled error on startup
2026-05-11T22:44:36.134Z | AUTO-HEALER | auto-healing | APPLIED | AUTO-HEALING TRIGGERED for payment-service
2026-05-11T22:44:43.697Z | AUTO-HEALER | auto-healing | APPLIED | Auto-heal SUCCESS for payment-service: Removed crash-loop error throw
2026-05-11T22:44:46.161Z | AUTO-HEALER | auto-healing | APPLIED | AUTO-HEALING TRIGGERED for payment-service
2026-05-11T22:44:46.192Z | AUTO-HEALER | auto-healing | APPLIED | Auto-heal SUCCESS for payment-service: 
2026-05-11T22:44:56.177Z | AUTO-HEALER | auto-healing | APPLIED | AUTO-HEALING TRIGGERED for payment-service
2026-05-11T22:44:56.213Z | AUTO-HEALER | auto-healing | APPLIED | Auto-heal SUCCESS for payment-service: 
2026-05-11T22:45:10.634Z | AUTO-HEALER | auto-healing | APPLIED | AUTO-HEALING TRIGGERED for payment-service
2026-05-11T22:45:10.649Z | AUTO-HEALER | auto-healing | APPLIED | Auto-heal SUCCESS for payment-service: 
2026-05-12T07:26:12.456Z | payment-service | crash-loop | APPLIED | Service throws unhandled error on startup
2026-05-12T07:26:44.565Z | AUTO-HEALER | auto-healing | APPLIED | AUTO-HEALING TRIGGERED for payment-service
2026-05-12T07:26:49.965Z | AUTO-HEALER | auto-healing | APPLIED | Auto-heal SUCCESS for payment-service: Removed crash-loop error throw
2026-05-12T07:26:54.587Z | AUTO-HEALER | auto-healing | APPLIED | AUTO-HEALING TRIGGERED for payment-service
2026-05-12T07:26:54.617Z | AUTO-HEALER | auto-healing | APPLIED | Auto-heal SUCCESS for payment-service: 
2026-05-12T07:27:04.566Z | AUTO-HEALER | auto-healing | APPLIED | AUTO-HEALING TRIGGERED for payment-service
2026-05-12T07:27:04.611Z | AUTO-HEALER | auto-healing | APPLIED | Auto-heal SUCCESS for payment-service: 
2026-05-12T07:27:17.542Z | AUTO-HEALER | auto-healing | APPLIED | AUTO-HEALING TRIGGERED for payment-service
2026-05-12T07:27:17.558Z | AUTO-HEALER | auto-healing | APPLIED | Auto-heal SUCCESS for payment-service: 
